<?xml version="1.0" encoding="UTF-8"?>
<!-- Generated by org.testng.reporters.JUnitXMLReporter -->
<testsuite hostname="admin-PC" name="FireTest" tests="2" failures="0" timestamp="9 Dec 2014 15:39:32 GMT" time="0.062" errors="0">
  <testcase name="@BeforeTest f" time="0.0" classname="Browser.CrossBrowser">
    <failure type="org.testng.TestNGException" message="
Parameter &amp;apos;browser&amp;apos; is required by @Configuration on method f but has not been marked @Optional or defined
in C:\Users\admin\git\TestNG\src\Browser\testng.xml">
      <![CDATA[org.testng.TestNGException: 
Parameter 'browser' is required by @Configuration on method f but has not been marked @Optional or defined
in C:\Users\admin\git\TestNG\src\Browser\testng.xml
	at java.util.concurrent.FutureTask$Sync.innerRun(FutureTask.java:303)
	at java.util.concurrent.FutureTask.run(FutureTask.java:138)
	at java.util.concurrent.ThreadPoolExecutor$Worker.runTask(ThreadPoolExecutor.java:885)
	at java.util.concurrent.ThreadPoolExecutor$Worker.run(ThreadPoolExecutor.java:907)
	at java.lang.Thread.run(Thread.java:619)
... Removed 11 stack frames]]>
    </failure>
  </testcase> <!-- @BeforeTest f -->
  <testcase name="Test" time="0.016" classname="Browser.CrossBrowser">
    <skipped/>
  </testcase> <!-- Test -->
  <testcase name="Test" time="0.0" classname="Browser.CrossBrowser">
    <skipped/>
  </testcase> <!-- Test -->
</testsuite> <!-- FireTest -->
